  Main.cpp
  PoolTest.cpp
C:\Users\user\Desktop\GameServerStudy\ForPractice\48_ObjectPool_Multi\ObjectPool_Multi_04\ObjectPool_Multi_04\PoolTest.cpp(52,90): warning C4312: '형식 캐스트': 'int'에서 더 큰 'void *'(으)로의 변환입니다.
C:\Users\user\Desktop\GameServerStudy\ForPractice\48_ObjectPool_Multi\ObjectPool_Multi_04\ObjectPool_Multi_04\PoolTest.cpp(66,15): warning C4311: '형식 캐스트': 'void *'에서 'int'(으)로 포인터가 잘립니다.
C:\Users\user\Desktop\GameServerStudy\ForPractice\48_ObjectPool_Multi\ObjectPool_Multi_04\ObjectPool_Multi_04\PoolTest.cpp(66,15): warning C4302: '형식 캐스트': 'void *'에서 'int'(으)로 잘립니다.
C:\Users\user\Desktop\GameServerStudy\ForPractice\48_ObjectPool_Multi\ObjectPool_Multi_04\ObjectPool_Multi_04\CTlsObjectPool.h(205,18): warning C4311: '형식 캐스트': 'LPVOID'에서 'int'(으)로 포인터가 잘립니다.
C:\Users\user\Desktop\GameServerStudy\ForPractice\48_ObjectPool_Multi\ObjectPool_Multi_04\ObjectPool_Multi_04\CTlsObjectPool.h(204,1): message : 클래스 템플릿 멤버 함수 'bool CTlsObjectPool<Data>::Free(T *)'을(를) 컴파일하는 중입니다.
          with
          [
              T=Data
          ]
C:\Users\user\Desktop\GameServerStudy\ForPractice\48_ObjectPool_Multi\ObjectPool_Multi_04\ObjectPool_Multi_04\PoolTest.cpp(214,23): message : 'TlsLockPoolTestThread'에서 'CTlsObjectPool<Data>::Free'에 대한 첫 번째 참조를 확인하세요.
C:\Users\user\Desktop\GameServerStudy\ForPractice\48_ObjectPool_Multi\ObjectPool_Multi_04\ObjectPool_Multi_04\PoolTest.cpp(154,58): message : 컴파일되는 클래스 템플릿 인스턴스화 'CTlsObjectPool<Data>'에 대한 참조를 확인하세요.
C:\Users\user\Desktop\GameServerStudy\ForPractice\48_ObjectPool_Multi\ObjectPool_Multi_04\ObjectPool_Multi_04\CTlsObjectPool.h(205,18): warning C4302: '형식 캐스트': 'LPVOID'에서 'int'(으)로 잘립니다.
C:\Users\user\Desktop\GameServerStudy\ForPractice\48_ObjectPool_Multi\ObjectPool_Multi_04\ObjectPool_Multi_04\CTlsObjectPool.h(239,18): warning C4311: '형식 캐스트': 'LPVOID'에서 'int'(으)로 포인터가 잘립니다.
C:\Users\user\Desktop\GameServerStudy\ForPractice\48_ObjectPool_Multi\ObjectPool_Multi_04\ObjectPool_Multi_04\PoolTest.cpp(177,9): message : 컴파일되는 함수 템플릿 인스턴스화 'int CTlsObjectPool<Data>::RegisterThread<>(bool)'에 대한 참조를 확인하세요.
C:\Users\user\Desktop\GameServerStudy\ForPractice\48_ObjectPool_Multi\ObjectPool_Multi_04\ObjectPool_Multi_04\PoolTest.cpp(177,25): message : 'TlsLockPoolTestThread'에서 'CTlsObjectPool<Data>::RegisterThread'에 대한 첫 번째 참조를 확인하세요.
C:\Users\user\Desktop\GameServerStudy\ForPractice\48_ObjectPool_Multi\ObjectPool_Multi_04\ObjectPool_Multi_04\CTlsObjectPool.h(239,18): warning C4302: '형식 캐스트': 'LPVOID'에서 'int'(으)로 잘립니다.
C:\Users\user\Desktop\GameServerStudy\ForPractice\48_ObjectPool_Multi\ObjectPool_Multi_04\ObjectPool_Multi_04\CTlsObjectPool.h(246,24): warning C4312: '형식 캐스트': 'int'에서 더 큰 'LPVOID'(으)로의 변환입니다.
C:\Users\user\Desktop\GameServerStudy\ForPractice\48_ObjectPool_Multi\ObjectPool_Multi_04\ObjectPool_Multi_04\CTlsObjectPool.h(114,18): warning C4311: '형식 캐스트': 'LPVOID'에서 'int'(으)로 포인터가 잘립니다.
C:\Users\user\Desktop\GameServerStudy\ForPractice\48_ObjectPool_Multi\ObjectPool_Multi_04\ObjectPool_Multi_04\PoolTest.cpp(199,30): message : 컴파일되는 함수 템플릿 인스턴스화 'T *CTlsObjectPool<T>::Alloc<>(void)'에 대한 참조를 확인하세요.
          with
          [
              T=Data
          ]
C:\Users\user\Desktop\GameServerStudy\ForPractice\48_ObjectPool_Multi\ObjectPool_Multi_04\ObjectPool_Multi_04\PoolTest.cpp(199,24): message : 'TlsLockPoolTestThread'에서 'CTlsObjectPool<Data>::Alloc'에 대한 첫 번째 참조를 확인하세요.
C:\Users\user\Desktop\GameServerStudy\ForPractice\48_ObjectPool_Multi\ObjectPool_Multi_04\ObjectPool_Multi_04\CTlsObjectPool.h(114,18): warning C4302: '형식 캐스트': 'LPVOID'에서 'int'(으)로 잘립니다.
C:\Users\user\Desktop\GameServerStudy\ForPractice\48_ObjectPool_Multi\ObjectPool_Multi_04\ObjectPool_Multi_04\CTlsObjectPool.h(129,17): warning C4267: '초기화 중': 'size_t'에서 'int'(으)로 변환하면서 데이터가 손실될 수 있습니다.
  코드를 생성하고 있습니다.
  4 of 69 functions ( 5.8%) were compiled, the rest were copied from previous compilation.
    0 functions were new in current compilation
    5 functions had inline decision re-evaluated but remain unchanged
  코드를 생성했습니다.
  ObjectPool_Multi_04.vcxproj -> C:\Users\user\Desktop\GameServerStudy\ForPractice\48_ObjectPool_Multi\ObjectPool_Multi_04\x64\Release\ObjectPool_Multi_04.exe
